2019-10-16 18:13:32 | INFO | Base_Logging | log_result | FAIL: Failed to get temperature
On
2019-10-16 18:13:35 | INFO | Base_Logging | test_read_weather_and_redirect | Script duration: 42 seconds

2019-10-17 10:02:52 | DEBUG | Base_Logging | conditional_write | Get the temperature
2019-10-17 10:02:53 | INFO | Base_Logging | log_result | PASS: Temparature found

2019-10-17 10:02:53 | INFO | Base_Logging | test_read_weather_and_redirect | Script duration: 42 seconds

2019-10-17 10:04:35 | DEBUG | Base_Logging | conditional_write | Get the temperature
2019-10-17 10:04:35 | INFO | Base_Logging | log_result | PASS: Temparature found

2019-10-17 10:04:35 | INFO | Base_Logging | test_read_weather_and_redirect | Script duration: 16 seconds

2019-10-17 10:04:45 | INFO | Base_Logging | inner | You have this exception
2019-10-17 10:04:46 | INFO | Base_Logging | inner | Exception in method: check_temp_and_click_product_category
2019-10-17 10:04:48 | INFO | Base_Logging | inner | PYTHON SAYS: invalid literal for int() with base 10: b'16 \xe2\x84\x83'
2019-10-17 10:06:44 | DEBUG | Base_Logging | conditional_write | Get the temperature
2019-10-17 10:06:44 | INFO | Base_Logging | log_result | PASS: Temparature found

2019-10-17 10:06:44 | INFO | Base_Logging | test_read_weather_and_redirect | Script duration: 16 seconds

2019-10-17 10:06:50 | INFO | Base_Logging | inner | You have this exception
2019-10-17 10:06:51 | INFO | Base_Logging | inner | Exception in method: check_temp_and_click_product_category
2019-10-17 10:06:52 | INFO | Base_Logging | inner | PYTHON SAYS: invalid literal for int() with base 10: "b'13 \\xe2\\x84\\x83'"
2019-10-17 10:07:01 | INFO | Base_Logging | log_result | FAIL: Failed to click right button
On
2019-10-17 10:07:01 | INFO | Base_Logging | test_read_weather_and_redirect | Script duration: 33 seconds

2019-10-17 10:07:01 | INFO | Base_Logging | write_test_summary | 

************************
--------RESULT--------
Total number of checks=2
2019-10-17 10:07:01 | INFO | Base_Logging | write_test_summary | Total number of checks passed=1
----------------------
************************


2019-10-17 10:07:01 | INFO | Base_Logging | write_test_summary | Total number of mini-checks=1
2019-10-17 10:07:01 | INFO | Base_Logging | write_test_summary | Total number of mini-checks passed=1
2019-10-17 10:07:01 | INFO | Base_Logging | write_test_summary | 
--------FAILURE SUMMARY--------

2019-10-17 10:07:01 | INFO | Base_Logging | write_test_summary | FAIL: Failed to click right button
On
2019-10-17 10:07:01 | INFO | Base_Logging | write_test_summary | ************************
2019-10-17 10:11:45 | DEBUG | Base_Logging | conditional_write | Get the temperature
2019-10-17 10:11:46 | INFO | Base_Logging | log_result | PASS: Temparature found

2019-10-17 10:11:46 | INFO | Base_Logging | test_read_weather_and_redirect | Script duration: 18 seconds

2019-10-17 10:12:51 | INFO | Base_Logging | inner | You have this exception
2019-10-17 10:12:52 | INFO | Base_Logging | inner | Exception in method: check_temp_and_click_product_category
2019-10-17 10:12:53 | INFO | Base_Logging | inner | PYTHON SAYS: invalid literal for int() with base 10: "b'48 \\xc2\\xb0C'"
2019-10-17 10:13:22 | DEBUG | Base_Logging | conditional_write | Get the temperature
2019-10-17 10:13:22 | INFO | Base_Logging | log_result | PASS: Temparature found

2019-10-17 10:13:22 | INFO | Base_Logging | test_read_weather_and_redirect | Script duration: 21 seconds

2019-10-17 10:13:45 | INFO | Base_Logging | inner | You have this exception
2019-10-17 10:13:45 | INFO | Base_Logging | inner | Exception in method: check_temp_and_click_product_category
2019-10-17 10:13:45 | INFO | Base_Logging | inner | PYTHON SAYS: invalid literal for int() with base 10: "b'10 \\xe2\\x84\\x83'"
2019-10-17 10:17:14 | DEBUG | Base_Logging | conditional_write | Get the temperature
2019-10-17 10:17:15 | INFO | Base_Logging | log_result | PASS: Temparature found

2019-10-17 10:17:15 | INFO | Base_Logging | test_read_weather_and_redirect | Script duration: 38 seconds

2019-10-17 10:17:32 | INFO | Base_Logging | inner | You have this exception
2019-10-17 10:17:34 | INFO | Base_Logging | inner | Exception in method: check_temp_and_click_product_category
2019-10-17 10:21:36 | DEBUG | Base_Logging | conditional_write | The temperature is 37 °C
2019-10-17 10:21:36 | INFO | Base_Logging | log_result | PASS: Temparature found

2019-10-17 10:21:36 | INFO | Base_Logging | test_read_weather_and_redirect | Script duration: 30 seconds

2019-10-17 10:22:13 | INFO | Base_Logging | inner | You have this exception
2019-10-17 10:22:16 | INFO | Base_Logging | inner | Exception in method: check_temp_and_click_product_category
2019-10-17 10:22:17 | INFO | Base_Logging | inner | PYTHON SAYS: 'str' object is not callable
2019-10-17 10:23:09 | INFO | Base_Logging | log_result | PASS: Temparature found

2019-10-17 10:23:09 | INFO | Base_Logging | test_read_weather_and_redirect | Script duration: 14 seconds

2019-10-17 10:23:40 | INFO | Base_Logging | inner | You have this exception
2019-10-17 10:23:42 | INFO | Base_Logging | inner | Exception in method: check_temp_and_click_product_category
2019-10-17 10:23:43 | INFO | Base_Logging | inner | PYTHON SAYS: name 'click_buy_moisturizers' is not defined
2019-10-17 10:25:03 | DEBUG | Base_Logging | conditional_write | The temperature is 36 °C
2019-10-17 10:25:03 | INFO | Base_Logging | log_result | PASS: Temparature found

2019-10-17 10:25:03 | INFO | Base_Logging | test_read_weather_and_redirect | Script duration: 15 seconds

2019-10-17 10:25:34 | DEBUG | Base_Logging | conditional_write | Clicked on Buy moisturizers
2019-10-17 10:25:49 | INFO | Base_Logging | log_result | FAIL: Failed to click right button
On
2019-10-17 10:27:30 | INFO | Base_Logging | log_result | PASS: Temparature found

2019-10-17 10:27:30 | INFO | Base_Logging | test_read_weather_and_redirect | Script duration: 37 seconds

2019-10-17 10:27:50 | DEBUG | Base_Logging | conditional_write | Clicked on Buy moisturizers
2019-10-17 10:28:10 | INFO | Base_Logging | log_result | PASS: clicked on right button

2019-10-17 10:28:13 | INFO | Base_Logging | test_read_weather_and_redirect | Script duration: 80 seconds

2019-10-17 10:28:14 | INFO | Base_Logging | write_test_summary | 

************************
--------RESULT--------
Total number of checks=2
2019-10-17 10:28:14 | INFO | Base_Logging | write_test_summary | Total number of checks passed=2
----------------------
************************


2019-10-17 10:28:14 | INFO | Base_Logging | write_test_summary | Total number of mini-checks=2
2019-10-17 10:28:14 | INFO | Base_Logging | write_test_summary | Total number of mini-checks passed=2
2019-10-17 10:28:14 | INFO | Base_Logging | write_test_summary | ************************
2019-10-17 10:56:22 | DEBUG | Base_Logging | conditional_write | The temperature is 35 °C
2019-10-17 10:56:22 | INFO | Base_Logging | log_result | PASS: Temparature found

2019-10-17 10:56:22 | INFO | Base_Logging | test_read_weather_and_redirect | Script duration: 25 seconds

2019-10-17 10:56:49 | DEBUG | Base_Logging | conditional_write | Clicked on Buy moisturizers
2019-10-17 10:56:58 | DEBUG | Base_Logging | conditional_write | Could not land on Sunscreen screen
2019-10-17 10:57:11 | INFO | Base_Logging | log_result | FAIL: Failed to click right button
On
2019-10-17 10:57:14 | INFO | Base_Logging | test_read_weather_and_redirect | Script duration: 77 seconds

2019-10-17 10:57:15 | INFO | Base_Logging | write_test_summary | 

************************
--------RESULT--------
Total number of checks=2
2019-10-17 10:57:15 | INFO | Base_Logging | write_test_summary | Total number of checks passed=1
----------------------
************************


2019-10-17 10:57:15 | INFO | Base_Logging | write_test_summary | Total number of mini-checks=3
2019-10-17 10:57:15 | INFO | Base_Logging | write_test_summary | Total number of mini-checks passed=2
2019-10-17 10:57:15 | INFO | Base_Logging | write_test_summary | 
--------FAILURE SUMMARY--------

2019-10-17 10:57:15 | INFO | Base_Logging | write_test_summary | FAIL: Failed to click right button
On
2019-10-17 10:57:15 | INFO | Base_Logging | write_test_summary | ************************
2019-10-17 10:57:57 | DEBUG | Base_Logging | conditional_write | The temperature is 35 °C
2019-10-17 10:57:57 | INFO | Base_Logging | log_result | PASS: Temparature found

2019-10-17 10:57:57 | INFO | Base_Logging | test_read_weather_and_redirect | Script duration: 34 seconds

2019-10-17 10:58:26 | DEBUG | Base_Logging | conditional_write | Clicked on Buy moisturizers
2019-10-17 11:07:53 | INFO | Base_Logging | log_result | PASS: Temparature found

2019-10-17 11:07:53 | INFO | Base_Logging | test_read_weather_and_redirect | Script duration: 45 seconds

2019-10-17 11:08:10 | DEBUG | Base_Logging | conditional_write | Clicked on Buy moisturizers
2019-10-17 11:08:14 | INFO | Base_Logging | inner | You have this exception
2019-10-17 11:08:14 | INFO | Base_Logging | inner | Exception in method: get_page_heading
2019-10-17 11:08:14 | INFO | Base_Logging | inner | PYTHON SAYS: name 'temp_text' is not defined
2019-10-17 11:08:14 | INFO | Base_Logging | inner | You have this exception
2019-10-17 11:08:14 | INFO | Base_Logging | inner | Exception in method: check_redirect_moisturizers
2019-10-17 11:08:14 | INFO | Base_Logging | inner | PYTHON SAYS: 'in <string>' requires string as left operand, not NoneType
2019-10-17 11:08:18 | INFO | Base_Logging | inner | You have this exception
2019-10-17 11:08:19 | INFO | Base_Logging | inner | Exception in method: check_temp_and_click_product_category
2019-10-17 11:08:19 | INFO | Base_Logging | inner | PYTHON SAYS: unsupported operand type(s) for &=: 'bool' and 'NoneType'
2019-10-17 11:08:23 | INFO | Base_Logging | log_result | FAIL: Failed to click right button
On
2019-10-17 11:08:23 | INFO | Base_Logging | test_read_weather_and_redirect | Script duration: 75 seconds

2019-10-17 11:08:23 | INFO | Base_Logging | write_test_summary | 

************************
--------RESULT--------
Total number of checks=2
2019-10-17 11:08:23 | INFO | Base_Logging | write_test_summary | Total number of checks passed=1
----------------------
************************


2019-10-17 11:08:23 | INFO | Base_Logging | write_test_summary | Total number of mini-checks=2
2019-10-17 11:08:23 | INFO | Base_Logging | write_test_summary | Total number of mini-checks passed=2
2019-10-17 11:08:23 | INFO | Base_Logging | write_test_summary | 
--------FAILURE SUMMARY--------

2019-10-17 11:08:23 | INFO | Base_Logging | write_test_summary | FAIL: Failed to click right button
On
2019-10-17 11:08:23 | INFO | Base_Logging | write_test_summary | ************************
2019-10-17 11:10:37 | DEBUG | Base_Logging | conditional_write | The temperature is 37 °C
2019-10-17 11:10:37 | INFO | Base_Logging | log_result | PASS: Temparature found

2019-10-17 11:10:37 | INFO | Base_Logging | test_read_weather_and_redirect | Script duration: 24 seconds

2019-10-17 11:10:52 | DEBUG | Base_Logging | conditional_write | Clicked on Buy moisturizers
2019-10-17 11:11:30 | DEBUG | Base_Logging | get_element | Message: Unable to locate element: //h2[contains(text(),'Sunscreens')]

2019-10-17 11:11:30 | INFO | Base_Logging | get_element | Check your locator-'xpath,//h2[contains(text(),'Sunscreens')]' in the conf/locators.conf file
2019-10-17 11:27:02 | INFO | Base_Logging | log_result | PASS: Temparature found

2019-10-17 11:27:02 | INFO | Base_Logging | test_read_weather_and_redirect | Script duration: 12 seconds

2019-10-17 11:27:08 | DEBUG | Base_Logging | conditional_write | Clicked on Buy moisturizers
2019-10-17 11:28:32 | DEBUG | Base_Logging | conditional_write | The heading of the page is Moisturizers
2019-10-17 11:28:50 | INFO | Base_Logging | inner | You have this exception
2019-10-17 11:28:50 | INFO | Base_Logging | inner | Exception in method: check_redirect_moisturizers
2019-10-17 11:28:51 | INFO | Base_Logging | inner | PYTHON SAYS: 'in <string>' requires string as left operand, not bytes
2019-10-17 11:30:07 | INFO | Base_Logging | log_result | PASS: Temparature found

2019-10-17 11:30:07 | INFO | Base_Logging | test_read_weather_and_redirect | Script duration: 11 seconds

2019-10-17 11:30:12 | DEBUG | Base_Logging | conditional_write | Clicked on Buy moisturizers
2019-10-17 14:19:04 | INFO | Base_Logging | log_result | PASS: Temparature found

2019-10-17 14:19:04 | INFO | Base_Logging | test_read_weather_and_redirect | Script duration: 12 seconds

2019-10-17 14:19:09 | DEBUG | Base_Logging | conditional_write | Clicked on Buy moisturizers
2019-10-17 14:19:27 | DEBUG | Base_Logging | conditional_write | The heading of the page is Moisturizers
2019-10-17 14:20:45 | INFO | Base_Logging | log_result | PASS: Temparature found

2019-10-17 14:20:45 | INFO | Base_Logging | test_read_weather_and_redirect | Script duration: 9 seconds

2019-10-17 14:20:51 | DEBUG | Base_Logging | conditional_write | Clicked on Buy moisturizers
2019-10-17 14:20:58 | DEBUG | Base_Logging | conditional_write | The heading of the page is Moisturizers
2019-10-17 14:21:20 | INFO | Base_Logging | inner | You have this exception
2019-10-17 14:21:20 | INFO | Base_Logging | inner | Exception in method: check_redirect_moisturizers
2019-10-17 14:21:21 | INFO | Base_Logging | inner | PYTHON SAYS: __class__ assignment only supported for heap types or ModuleType subclasses
2019-10-17 14:21:28 | INFO | Base_Logging | inner | You have this exception
2019-10-17 14:21:30 | INFO | Base_Logging | inner | Exception in method: check_temp_and_click_product_category
2019-10-17 14:21:30 | INFO | Base_Logging | inner | PYTHON SAYS: unsupported operand type(s) for &=: 'bool' and 'NoneType'
2019-10-17 14:43:43 | DEBUG | Base_Logging | conditional_write | The temperature is 39 °C
2019-10-17 14:43:43 | INFO | Base_Logging | log_result | PASS: Temparature found

2019-10-17 14:43:43 | INFO | Base_Logging | test_read_weather_and_redirect | Script duration: 12 seconds

2019-10-17 14:44:09 | DEBUG | Base_Logging | conditional_write | Clicked on Buy moisturizers
2019-10-17 14:44:25 | DEBUG | Base_Logging | get_element | Message: Unable to locate element: //h2[contains(text(),'Sunscreens')]

2019-10-17 14:44:25 | INFO | Base_Logging | get_element | Check your locator-'xpath,//h2[contains(text(),'Sunscreens')]' in the conf/locators.conf file
2019-10-17 14:44:25 | INFO | Base_Logging | get_text | 'NoneType' object has no attribute 'text'
2019-10-17 14:44:30 | INFO | Base_Logging | inner | You have this exception
2019-10-17 14:44:30 | INFO | Base_Logging | inner | Exception in method: get_page_heading
2019-10-17 14:44:30 | INFO | Base_Logging | inner | PYTHON SAYS: 'NoneType' object has no attribute 'decode'
2019-10-17 14:44:30 | INFO | Base_Logging | inner | You have this exception
2019-10-17 14:44:30 | INFO | Base_Logging | inner | Exception in method: check_redirect_sunscreen
2019-10-17 14:44:30 | INFO | Base_Logging | inner | PYTHON SAYS: 'in <string>' requires string as left operand, not NoneType
2019-10-17 14:44:30 | INFO | Base_Logging | inner | You have this exception
2019-10-17 14:44:30 | INFO | Base_Logging | inner | Exception in method: check_temp_and_click_product_category
2019-10-17 14:44:30 | INFO | Base_Logging | inner | PYTHON SAYS: unsupported operand type(s) for &=: 'bool' and 'NoneType'
2019-10-17 14:44:30 | INFO | Base_Logging | log_result | FAIL: Failed to click right button
On
2019-10-17 14:44:31 | INFO | Base_Logging | test_read_weather_and_redirect | Script duration: 60 seconds

2019-10-17 14:44:31 | INFO | Base_Logging | write_test_summary | 

************************
--------RESULT--------
Total number of checks=2
2019-10-17 14:44:31 | INFO | Base_Logging | write_test_summary | Total number of checks passed=1
----------------------
************************


2019-10-17 14:44:31 | INFO | Base_Logging | write_test_summary | Total number of mini-checks=2
2019-10-17 14:44:31 | INFO | Base_Logging | write_test_summary | Total number of mini-checks passed=2
2019-10-17 14:44:31 | INFO | Base_Logging | write_test_summary | 
--------FAILURE SUMMARY--------

2019-10-17 14:44:31 | INFO | Base_Logging | write_test_summary | FAIL: Failed to click right button
On
2019-10-17 14:44:31 | INFO | Base_Logging | write_test_summary | 
--------USEFUL EXCEPTION--------

2019-10-17 14:44:31 | INFO | Base_Logging | write_test_summary | 1- Check your locator-'xpath,//h2[contains(text(),'Sunscreens')]' in the conf/locators.conf file
2019-10-17 14:44:31 | INFO | Base_Logging | write_test_summary | 2- Error when getting text from the path-'xpath,//h2[contains(text(),'Sunscreens')]' in the conf/locators.conf file
2019-10-17 14:44:31 | INFO | Base_Logging | write_test_summary | ************************
2019-10-17 14:47:57 | INFO | Base_Logging | log_result | PASS: Temparature found

2019-10-17 14:47:57 | INFO | Base_Logging | test_read_weather_and_redirect | Script duration: 12 seconds

2019-10-17 14:48:28 | DEBUG | Base_Logging | conditional_write | Clicked on Buy moisturizers
2019-10-17 14:48:47 | DEBUG | Base_Logging | conditional_write | The heading of the page is Moisturizers
2019-10-17 14:48:50 | DEBUG | Base_Logging | conditional_write | Landed on Moisturizer screen
2019-10-17 14:48:50 | INFO | Base_Logging | log_result | PASS: clicked on right button

2019-10-17 14:48:50 | INFO | Base_Logging | test_read_weather_and_redirect | Script duration: 65 seconds

2019-10-17 14:48:50 | INFO | Base_Logging | write_test_summary | 

************************
--------RESULT--------
Total number of checks=2
2019-10-17 14:48:50 | INFO | Base_Logging | write_test_summary | Total number of checks passed=2
----------------------
************************


2019-10-17 14:48:50 | INFO | Base_Logging | write_test_summary | Total number of mini-checks=4
2019-10-17 14:48:50 | INFO | Base_Logging | write_test_summary | Total number of mini-checks passed=4
2019-10-17 14:48:50 | INFO | Base_Logging | write_test_summary | ************************
2019-10-17 14:49:19 | DEBUG | Base_Logging | conditional_write | The temperature is 40 °C
2019-10-17 14:49:19 | INFO | Base_Logging | log_result | PASS: Temparature found

2019-10-17 14:49:19 | INFO | Base_Logging | test_read_weather_and_redirect | Script duration: 11 seconds

2019-10-17 14:49:30 | DEBUG | Base_Logging | conditional_write | Clicked on Buy moisturizers
2019-10-17 14:49:48 | DEBUG | Base_Logging | get_element | Message: Unable to locate element: //h2[contains(text(),'Sunscreens')]

2019-10-17 14:49:48 | INFO | Base_Logging | get_element | Check your locator-'xpath,//h2[contains(text(),'Sunscreens')]' in the conf/locators.conf file
2019-10-17 14:57:57 | DEBUG | Base_Logging | conditional_write | The temperature is 35 °C
2019-10-17 14:57:58 | INFO | Base_Logging | log_result | PASS: Temparature found

2019-10-17 14:57:58 | INFO | Base_Logging | test_read_weather_and_redirect | Script duration: 12 seconds

2019-10-17 14:58:14 | DEBUG | Base_Logging | conditional_write | Clicked on Buy moisturizers
2019-10-17 14:58:24 | DEBUG | Base_Logging | get_element | Message: Unable to locate element: //h2[contains(text(),'Sunscreens')]

2019-10-17 14:58:24 | INFO | Base_Logging | get_element | Check your locator-'xpath,//h2[contains(text(),'Sunscreens')]' in the conf/locators.conf file
2019-10-17 14:58:24 | INFO | Base_Logging | get_text | 'NoneType' object has no attribute 'text'
2019-10-17 14:58:41 | INFO | Base_Logging | inner | You have this exception
2019-10-17 14:58:41 | INFO | Base_Logging | inner | Exception in method: get_page_heading
2019-10-17 14:58:42 | INFO | Base_Logging | inner | PYTHON SAYS: 'NoneType' object has no attribute 'decode'
2019-10-17 14:58:48 | INFO | Base_Logging | inner | You have this exception
2019-10-17 14:58:48 | INFO | Base_Logging | inner | Exception in method: check_redirect_sunscreen
2019-10-17 14:58:48 | INFO | Base_Logging | inner | PYTHON SAYS: 'NoneType' object has no attribute 'lower'
2019-10-17 14:58:56 | INFO | Base_Logging | inner | You have this exception
2019-10-17 14:58:56 | INFO | Base_Logging | inner | Exception in method: check_temp_and_click_product_category
2019-10-17 14:58:57 | INFO | Base_Logging | inner | PYTHON SAYS: unsupported operand type(s) for &=: 'bool' and 'NoneType'
2019-10-17 15:03:49 | INFO | Base_Logging | log_result | FAIL: Failed to click right button
On
2019-10-17 15:03:49 | INFO | Base_Logging | test_read_weather_and_redirect | Script duration: 363 seconds

2019-10-17 15:03:49 | INFO | Base_Logging | write_test_summary | 

************************
--------RESULT--------
Total number of checks=2
2019-10-17 15:03:49 | INFO | Base_Logging | write_test_summary | Total number of checks passed=1
----------------------
************************


2019-10-17 15:03:49 | INFO | Base_Logging | write_test_summary | Total number of mini-checks=2
2019-10-17 15:03:49 | INFO | Base_Logging | write_test_summary | Total number of mini-checks passed=2
2019-10-17 15:03:49 | INFO | Base_Logging | write_test_summary | 
--------FAILURE SUMMARY--------

2019-10-17 15:03:49 | INFO | Base_Logging | write_test_summary | FAIL: Failed to click right button
On
2019-10-17 15:03:49 | INFO | Base_Logging | write_test_summary | 
--------USEFUL EXCEPTION--------

2019-10-17 15:03:49 | INFO | Base_Logging | write_test_summary | 1- Check your locator-'xpath,//h2[contains(text(),'Sunscreens')]' in the conf/locators.conf file
2019-10-17 15:03:49 | INFO | Base_Logging | write_test_summary | 2- Error when getting text from the path-'xpath,//h2[contains(text(),'Sunscreens')]' in the conf/locators.conf file
2019-10-17 15:03:49 | INFO | Base_Logging | write_test_summary | ************************
2019-10-17 15:04:18 | DEBUG | Base_Logging | conditional_write | The temperature is 48 °C
2019-10-17 15:04:18 | INFO | Base_Logging | log_result | PASS: Temparature found

2019-10-17 15:04:18 | INFO | Base_Logging | test_read_weather_and_redirect | Script duration: 9 seconds

2019-10-17 15:04:26 | DEBUG | Base_Logging | conditional_write | Clicked on Buy moisturizers
2019-10-17 15:04:36 | DEBUG | Base_Logging | get_element | Message: Unable to locate element: //h2[contains(text(),'Sunscreens')]

2019-10-17 15:04:36 | INFO | Base_Logging | get_element | Check your locator-'xpath,//h2[contains(text(),'Sunscreens')]' in the conf/locators.conf file
2019-10-17 15:04:36 | INFO | Base_Logging | get_text | 'NoneType' object has no attribute 'text'
2019-10-17 15:04:43 | INFO | Base_Logging | inner | You have this exception
2019-10-17 16:50:45 | INFO | Base_Logging | log_result | PASS: Temparature found

2019-10-17 16:50:45 | INFO | Base_Logging | test_read_weather_and_redirect | Script duration: 13 seconds

2019-10-17 16:50:51 | DEBUG | Base_Logging | conditional_write | Clicked on Buy moisturizers
2019-10-17 16:50:56 | DEBUG | Base_Logging | conditional_write | The heading of the page is Moisturizers
2019-10-17 16:50:59 | DEBUG | Base_Logging | conditional_write | Landed on Moisturizer screen
2019-10-17 16:50:59 | INFO | Base_Logging | log_result | PASS: clicked on right button

2019-10-17 16:50:59 | INFO | Base_Logging | test_read_weather_and_redirect | Script duration: 27 seconds

2019-10-17 16:50:59 | INFO | Base_Logging | write_test_summary | 

************************
--------RESULT--------
Total number of checks=2
2019-10-17 16:50:59 | INFO | Base_Logging | write_test_summary | Total number of checks passed=2
----------------------
************************


2019-10-17 16:50:59 | INFO | Base_Logging | write_test_summary | Total number of mini-checks=5
2019-10-17 16:50:59 | INFO | Base_Logging | write_test_summary | Total number of mini-checks passed=5
2019-10-17 16:50:59 | INFO | Base_Logging | write_test_summary | ************************
2019-10-17 16:59:43 | DEBUG | Base_Logging | conditional_write | Clicked on Buy moisturizers
2019-10-17 16:59:49 | DEBUG | Base_Logging | conditional_write | The heading of the page is Moisturizers
2019-10-17 16:59:51 | DEBUG | Base_Logging | conditional_write | Landed on Moisturizer screen
2019-10-17 16:59:51 | INFO | Base_Logging | log_result | PASS: clicked on right button

2019-10-17 16:59:51 | INFO | Base_Logging | test_read_weather_and_redirect | Script duration: 30 seconds

2019-10-17 16:59:51 | INFO | Base_Logging | write_test_summary | 

************************
--------RESULT--------
Total number of checks=1
2019-10-17 16:59:51 | INFO | Base_Logging | write_test_summary | Total number of checks passed=1
----------------------
************************


2019-10-17 16:59:51 | INFO | Base_Logging | write_test_summary | Total number of mini-checks=4
2019-10-17 16:59:51 | INFO | Base_Logging | write_test_summary | Total number of mini-checks passed=4
2019-10-17 16:59:51 | INFO | Base_Logging | write_test_summary | ************************
2019-10-24 11:00:09 | DEBUG | Base_Logging | conditional_write | Clicked on Buy moisturizers
2019-10-24 11:00:14 | DEBUG | Base_Logging | conditional_write | The heading of the page is Moisturizers
2019-10-24 11:00:16 | DEBUG | Base_Logging | conditional_write | Landed on Moisturizer screen
2019-10-24 11:00:40 | INFO | Base_Logging | log_result | PASS: clicked on right button

2019-10-24 11:00:40 | INFO | Base_Logging | test_read_weather_and_redirect | Script duration: 50 seconds

2019-10-24 11:00:40 | INFO | Base_Logging | write_test_summary | 

************************
--------RESULT--------
Total number of checks=1
2019-10-24 11:00:40 | INFO | Base_Logging | write_test_summary | Total number of checks passed=1
----------------------
************************


2019-10-24 11:00:40 | INFO | Base_Logging | write_test_summary | Total number of mini-checks=4
2019-10-24 11:00:40 | INFO | Base_Logging | write_test_summary | Total number of mini-checks passed=4
2019-10-24 11:00:40 | INFO | Base_Logging | write_test_summary | ************************
2019-10-24 15:46:55 | DEBUG | Base_Logging | conditional_write | Clicked on buy moisturizers button
2019-10-24 15:47:00 | DEBUG | Base_Logging | conditional_write | The heading of the page is Moisturizers
2019-10-24 15:47:02 | DEBUG | Base_Logging | conditional_write | Landed on Moisturizer screen
2019-10-24 15:47:54 | DEBUG | Base_Logging | conditional_write | The temperature is 36 °C
2019-10-24 15:48:06 | DEBUG | Base_Logging | conditional_write | Clicked on buy sunscreen button
2019-10-24 15:48:42 | DEBUG | Base_Logging | conditional_write | The heading of the page is Sunscreens
2019-10-24 15:48:45 | DEBUG | Base_Logging | conditional_write | Landed on sunscreen page
2019-10-24 15:49:36 | DEBUG | Base_Logging | conditional_write | Clicked on buy moisturizers button
2019-10-24 15:49:46 | DEBUG | Base_Logging | conditional_write | The heading of the page is Moisturizers
2019-10-24 15:49:48 | DEBUG | Base_Logging | conditional_write | Landed on Moisturizer screen
2019-10-24 15:50:03 | INFO | Base_Logging | log_result | PASS: clicked on right button

2019-10-24 15:50:04 | INFO | Base_Logging | test_read_weather_and_redirect | Script duration: 50 seconds

2019-10-24 15:50:06 | INFO | Base_Logging | write_test_summary | 

************************
--------RESULT--------
Total number of checks=1
2019-10-24 15:50:06 | INFO | Base_Logging | write_test_summary | Total number of checks passed=1
----------------------
************************


2019-10-24 15:50:06 | INFO | Base_Logging | write_test_summary | Total number of mini-checks=4
2019-10-24 15:50:06 | INFO | Base_Logging | write_test_summary | Total number of mini-checks passed=4
2019-10-24 15:50:06 | INFO | Base_Logging | write_test_summary | ************************
